<?xml version="1.0" encoding="UTF-8"?>
<testsuite name="AuthorizationAndLoginTest"
           tests="5"
           failures="1"
           errors="0"
           skipped="0"
           time="123.062">
  <properties />
            <testcase name="downloadDatabase" time="80.942" classname="com.kmehohsoft.dev.MainApplicationPageTest">
                <failure type="org.openqa.selenium.NoSuchElementException"
                  message="An element could not be located on the page using the given search parameters. (WARNING: The server did not provide any stacktrace information)
Command duration or timeout: 80.93 seconds
For documentation on this error, please visit: http://seleniumhq.org/exceptions/no_such_element.html
Build info: version: &apos;3.0.1&apos;, revision: &apos;1969d75&apos;, time: &apos;2016-10-18 09:49:13 -0700&apos;
System info: host: &apos;agoncharova&apos;, ip: &apos;192.168.56.1&apos;, os.name: &apos;Windows 8.1&apos;, os.arch: &apos;amd64&apos;, os.version: &apos;6.3&apos;, java.version: &apos;1.8.0_92&apos;
Driver info: io.appium.java_client.android.AndroidDriver
Capabilities [{app=C:\Users\agoncharova\AppData\Local\Android\sdk\platform-tools\release604_2.0.1.apk, networkConnectionEnabled=true, noReset=true, warnings={}, databaseEnabled=false, deviceName=emulator-5554, launchTimeout=10000, platform=LINUX, desired={app=C:\Users\agoncharova\AppData\Local\Android\sdk\platform-tools\release604_2.0.1.apk, noReset=true, platformVersion=5.1, browserName=, unicodeKeyboard=true, platformName=Android, deviceName=emulator-5554, launchTimeout=10000, resetKeyboard=true}, platformVersion=5.1.1, webStorageEnabled=false, locationContextEnabled=false, browserName=, takesScreenshot=true, javascriptEnabled=true, unicodeKeyboard=true, platformName=Android, resetKeyboard=true}]
Session ID: 3c345ed4-5e64-490a-b934-ff139314c888
*** Element info: {Using=id, value=eri.kmehohsoft.android.tablet:id/login_button}"
              >
<![CDATA[org.openqa.selenium.NoSuchElementException: An element could not be located on the page using the given search parameters. (WARNING: The server did not provide any stacktrace information)
Command duration or timeout: 80.93 seconds
For documentation on this error, please visit: http://seleniumhq.org/exceptions/no_such_element.html
Build info: version: '3.0.1', revision: '1969d75', time: '2016-10-18 09:49:13 -0700'
System info: host: 'agoncharova', ip: '192.168.56.1', os.name: 'Windows 8.1', os.arch: 'amd64', os.version: '6.3', java.version: '1.8.0_92'
Driver info: io.appium.java_client.android.AndroidDriver
Capabilities [{app=C:\Users\agoncharova\AppData\Local\Android\sdk\platform-tools\release604_2.0.1.apk, networkConnectionEnabled=true, noReset=true, warnings={}, databaseEnabled=false, deviceName=emulator-5554, launchTimeout=10000, platform=LINUX, desired={app=C:\Users\agoncharova\AppData\Local\Android\sdk\platform-tools\release604_2.0.1.apk, noReset=true, platformVersion=5.1, browserName=, unicodeKeyboard=true, platformName=Android, deviceName=emulator-5554, launchTimeout=10000, resetKeyboard=true}, platformVersion=5.1.1, webStorageEnabled=false, locationContextEnabled=false, browserName=, takesScreenshot=true, javascriptEnabled=true, unicodeKeyboard=true, platformName=Android, resetKeyboard=true}]
Session ID: 3c345ed4-5e64-490a-b934-ff139314c888
*** Element info: {Using=id, value=eri.kmehohsoft.android.tablet:id/login_button}
  sun.reflect.NativeConstructorAccessorImpl.newInstance0(Native Method)
  sun.reflect.NativeConstructorAccessorImpl.newInstance(NativeConstructorAccessorImpl.java:62)
  sun.reflect.DelegatingConstructorAccessorImpl.newInstance(DelegatingConstructorAccessorImpl.java:45)
  java.lang.reflect.Constructor.newInstance(Constructor.java:423)
  org.openqa.selenium.remote.ErrorHandler.createThrowable(ErrorHandler.java:216)
  org.openqa.selenium.remote.ErrorHandler.throwIfResponseFailed(ErrorHandler.java:168)
  org.openqa.selenium.remote.RemoteWebDriver.execute(RemoteWebDriver.java:635)
  io.appium.java_client.DefaultGenericMobileDriver.execute(DefaultGenericMobileDriver.java:42)
  io.appium.java_client.AppiumDriver.execute(AppiumDriver.java:1)
  io.appium.java_client.android.AndroidDriver.execute(AndroidDriver.java:1)
  org.openqa.selenium.remote.RemoteWebDriver.findElement(RemoteWebDriver.java:368)
  org.openqa.selenium.remote.RemoteWebDriver.findElementById(RemoteWebDriver.java:417)
  io.appium.java_client.DefaultGenericMobileDriver.findElementById(DefaultGenericMobileDriver.java:62)
  io.appium.java_client.AppiumDriver.findElementById(AppiumDriver.java:1)
  io.appium.java_client.android.AndroidDriver.findElementById(AndroidDriver.java:1)
  org.openqa.selenium.By$ById.findElement(By.java:218)
  org.openqa.selenium.remote.RemoteWebDriver.findElement(RemoteWebDriver.java:360)
  io.appium.java_client.DefaultGenericMobileDriver.findElement(DefaultGenericMobileDriver.java:52)
  io.appium.java_client.AppiumDriver.findElement(AppiumDriver.java:1)
  io.appium.java_client.android.AndroidDriver.findElement(AndroidDriver.java:1)
  org.openqa.selenium.support.pagefactory.DefaultElementLocator.findElement(DefaultElementLocator.java:69)
  org.openqa.selenium.support.pagefactory.internal.LocatingElementHandler.invoke(LocatingElementHandler.java:38)
  com.sun.proxy.$Proxy8.click(Unknown Source)
  com.kmehohsoft.dev.androidpages.LoginActivity.clickLoginButton(LoginActivity.java:73)
  com.kmehohsoft.dev.MainApplicationPageTest.downloadDatabase(MainApplicationPageTest.java:28)
  sun.reflect.NativeMethodAccessorImpl.invoke0(Native Method)
  sun.reflect.NativeMethodAccessorImpl.invoke(NativeMethodAccessorImpl.java:62)
  sun.reflect.DelegatingMethodAccessorImpl.invoke(DelegatingMethodAccessorImpl.java:43)
  java.lang.reflect.Method.invoke(Method.java:498)
  org.testng.internal.MethodInvocationHelper.invokeMethod(MethodInvocationHelper.java:80)
  org.testng.internal.Invoker.invokeMethod(Invoker.java:714)
  org.testng.internal.Invoker.invokeTestMethod(Invoker.java:901)
  org.testng.internal.Invoker.invokeTestMethods(Invoker.java:1231)
  org.testng.internal.TestMethodWorker.invokeTestMethods(TestMethodWorker.java:127)
  org.testng.internal.TestMethodWorker.run(TestMethodWorker.java:111)
  org.testng.TestRunner.privateRun(TestRunner.java:767)
  org.testng.TestRunner.run(TestRunner.java:617)
  org.testng.SuiteRunner.runTest(SuiteRunner.java:334)
  org.testng.SuiteRunner.runSequentially(SuiteRunner.java:329)
  org.testng.SuiteRunner.privateRun(SuiteRunner.java:291)
  org.testng.SuiteRunner.run(SuiteRunner.java:240)
  org.testng.SuiteRunnerWorker.runSuite(SuiteRunnerWorker.java:52)
  org.testng.SuiteRunnerWorker.run(SuiteRunnerWorker.java:86)
  org.testng.TestNG.runSuitesSequentially(TestNG.java:1198)
  org.testng.TestNG.runSuitesLocally(TestNG.java:1123)
  org.testng.TestNG.run(TestNG.java:1031)
  org.apache.maven.surefire.testng.TestNGExecutor.run(TestNGExecutor.java:122)
  org.apache.maven.surefire.testng.TestNGXmlTestSuite.execute(TestNGXmlTestSuite.java:88)
  org.apache.maven.surefire.testng.TestNGProvider.invoke(TestNGProvider.java:104)
  sun.reflect.NativeMethodAccessorImpl.invoke0(Native Method)
  sun.reflect.NativeMethodAccessorImpl.invoke(NativeMethodAccessorImpl.java:62)
  sun.reflect.DelegatingMethodAccessorImpl.invoke(DelegatingMethodAccessorImpl.java:43)
  java.lang.reflect.Method.invoke(Method.java:498)
  org.apache.maven.surefire.booter.ProviderFactory$ClassLoaderProxy.invoke(ProviderFactory.java:103)
  com.sun.proxy.$Proxy0.invoke(Unknown Source)
  org.apache.maven.surefire.booter.SurefireStarter.invokeProvider(SurefireStarter.java:150)
  org.apache.maven.surefire.booter.SurefireStarter.runSuitesInProcess(SurefireStarter.java:91)
  org.apache.maven.surefire.booter.ForkedBooter.main(ForkedBooter.java:69)
]]>
      </failure>

          </testcase>
  
  
            <testcase name="checkApplicationData" time="8.860" classname="com.kmehohsoft.dev.MainApplicationPageTest" />
                <testcase name="downloadOrOpenManual" time="19.800" classname="com.kmehohsoft.dev.MainApplicationPageTest" />
                <testcase name="backToPatientsPage" time="6.206" classname="com.kmehohsoft.dev.MainApplicationPageTest" />
                <testcase name="watchUserAgreement" time="7.254" classname="com.kmehohsoft.dev.MainApplicationPageTest" />
      
</testsuite>
